# JRE version: OpenJDK Runtime Environment (21.0.9) (build 21.0.9+-14649483-b1163.86)
# Java VM: OpenJDK 64-Bit Server VM (21.0.9+-14649483-b1163.86, mixed mode, tiered, compressed oops, compressed class ptrs, g1 gc, windows-amd64)
GC Precious Log:
 CardTable entry size: 512
 Card Set container configuration: InlinePtr #cards 5 size 8 Array Of Cards #cards 12 size 40 Howl #buckets 4 coarsen threshold 1843 Howl Bitmap #cards 512 size 80 coarsen threshold 460 Card regions per heap region 1 cards per card region 2048
 CPUs: 12 total, 12 available
 Memory: 11956M
 Large Page Support: Disabled
 NUMA Support: Disabled
 Compressed Oops: Enabled (32-bit)
 Heap Region Size: 1M
 Heap Min Capacity: 8M
 Heap Initial Capacity: 188M
 Heap Max Capacity: 2G
 Pre-touch: Disabled
 Parallel Workers: 10
 Concurrent Workers: 3
 Concurrent Refinement Workers: 10
 Periodic GC: Disabled
Heap:
 garbage-first heap   total 245760K, used 160324K [0x0000000080000000, 0x0000000100000000)
  region size 1024K, 17 young (17408K), 1 survivors (1024K)
 Metaspace       used 115970K, committed 118016K, reserved 1179648K
  class space    used 16022K, committed 17024K, reserved 1048576K
GC Heap History (20 events):
Event: 29.417 GC heap before
{Heap before GC invocations=44 (full 0):
 garbage-first heap   total 193536K, used 173732K [0x0000000080000000, 0x0000000100000000)
  region size 1024K, 55 young (56320K), 4 survivors (4096K)
 Metaspace       used 97187K, committed 99072K, reserved 1179648K
  class space    used 13322K, committed 14272K, reserved 1048576K
}
Event: 29.422 GC heap after
{Heap after GC invocations=45 (full 0):
 garbage-first heap   total 193536K, used 123844K [0x0000000080000000, 0x0000000100000000)
  region size 1024K, 6 young (6144K), 6 survivors (6144K)
 Metaspace       used 97187K, committed 99072K, reserved 1179648K
  class space    used 13322K, committed 14272K, reserved 1048576K
}
Event: 31.334 GC heap before
{Heap before GC invocations=46 (full 0):
 garbage-first heap   total 208896K, used 176068K [0x0000000080000000, 0x0000000100000000)
  region size 1024K, 57 young (58368K), 6 survivors (6144K)
 Metaspace       used 99765K, committed 101632K, reserved 1179648K
  class space    used 13650K, committed 14592K, reserved 1048576K
}
Event: 31.341 GC heap after
{Heap after GC invocations=47 (full 0):
 garbage-first heap   total 208896K, used 128164K [0x0000000080000000, 0x0000000100000000)
  region size 1024K, 8 young (8192K), 8 survivors (8192K)
 Metaspace       used 99765K, committed 101632K, reserved 1179648K
  class space    used 13650K, committed 14592K, reserved 1048576K
}
Event: 32.815 GC heap before
{Heap before GC invocations=47 (full 0):
 garbage-first heap   total 208896K, used 188580K [0x0000000080000000, 0x0000000100000000)
  region size 1024K, 66 young (67584K), 8 survivors (8192K)
 Metaspace       used 104417K, committed 106368K, reserved 1179648K
  class space    used 14504K, committed 15488K, reserved 1048576K
}
Event: 32.821 GC heap after
{Heap after GC invocations=48 (full 0):
 garbage-first heap   total 208896K, used 129335K [0x0000000080000000, 0x0000000100000000)
  region size 1024K, 7 young (7168K), 7 survivors (7168K)
 Metaspace       used 104417K, committed 106368K, reserved 1179648K
  class space    used 14504K, committed 15488K, reserved 1048576K
}
Event: 34.452 GC heap before
{Heap before GC invocations=48 (full 0):
 garbage-first heap   total 208896K, used 189751K [0x0000000080000000, 0x0000000100000000)
  region size 1024K, 67 young (68608K), 7 survivors (7168K)
 Metaspace       used 109138K, committed 111168K, reserved 1179648K
  class space    used 15164K, committed 16192K, reserved 1048576K
}
Event: 34.458 GC heap after
{Heap after GC invocations=49 (full 0):
 garbage-first heap   total 208896K, used 133124K [0x0000000080000000, 0x0000000100000000)
  region size 1024K, 6 young (6144K), 6 survivors (6144K)
 Metaspace       used 109138K, committed 111168K, reserved 1179648K
  class space    used 15164K, committed 16192K, reserved 1048576K
}
Event: 37.439 GC heap before
{Heap before GC invocations=50 (full 0):
 garbage-first heap   total 224256K, used 204804K [0x0000000080000000, 0x0000000100000000)
  region size 1024K, 64 young (65536K), 6 survivors (6144K)
 Metaspace       used 115928K, committed 118016K, reserved 1179648K
  class space    used 16022K, committed 17024K, reserved 1048576K
}
Event: 37.446 GC heap after
{Heap after GC invocations=51 (full 0):
 garbage-first heap   total 224256K, used 146593K [0x0000000080000000, 0x0000000100000000)
  region size 1024K, 8 young (8192K), 8 survivors (8192K)
 Metaspace       used 115928K, committed 118016K, reserved 1179648K
  class space    used 16022K, committed 17024K, reserved 1048576K
}
Event: 42.774 GC heap before
{Heap before GC invocations=51 (full 0):
 garbage-first heap   total 224256K, used 207009K [0x0000000080000000, 0x0000000100000000)
  region size 1024K, 67 young (68608K), 8 survivors (8192K)
 Metaspace       used 115937K, committed 118016K, reserved 1179648K
  class space    used 16022K, committed 17024K, reserved 1048576K
}
Event: 42.780 GC heap after
{Heap after GC invocations=52 (full 0):
 garbage-first heap   total 224256K, used 147620K [0x0000000080000000, 0x0000000100000000)
  region size 1024K, 2 young (2048K), 2 survivors (2048K)
 Metaspace       used 115937K, committed 118016K, reserved 1179648K
  class space    used 16022K, committed 17024K, reserved 1048576K
}
Event: 47.959 GC heap before
{Heap before GC invocations=52 (full 0):
 garbage-first heap   total 224256K, used 209060K [0x0000000080000000, 0x0000000100000000)
  region size 1024K, 62 young (63488K), 2 survivors (2048K)
 Metaspace       used 115940K, committed 118016K, reserved 1179648K
  class space    used 16022K, committed 17024K, reserved 1048576K
}
Event: 47.962 GC heap after
{Heap after GC invocations=53 (full 0):
 garbage-first heap   total 224256K, used 146930K [0x0000000080000000, 0x0000000100000000)
  region size 1024K, 1 young (1024K), 1 survivors (1024K)
 Metaspace       used 115940K, committed 118016K, reserved 1179648K
  class space    used 16022K, committed 17024K, reserved 1048576K
}
Event: 54.388 GC heap before
{Heap before GC invocations=54 (full 0):
 garbage-first heap   total 245760K, used 211442K [0x0000000080000000, 0x0000000100000000)
  region size 1024K, 64 young (65536K), 1 survivors (1024K)
 Metaspace       used 115941K, committed 118016K, reserved 1179648K
  class space    used 16022K, committed 17024K, reserved 1048576K
}
Event: 54.391 GC heap after
{Heap after GC invocations=55 (full 0):
 garbage-first heap   total 245760K, used 146786K [0x0000000080000000, 0x0000000100000000)
  region size 1024K, 1 young (1024K), 1 survivors (1024K)
 Metaspace       used 115941K, committed 118016K, reserved 1179648K
  class space    used 16022K, committed 17024K, reserved 1048576K
}
Event: 64.227 GC heap before
{Heap before GC invocations=55 (full 0):
 garbage-first heap   total 245760K, used 229730K [0x0000000080000000, 0x0000000100000000)
  region size 1024K, 82 young (83968K), 1 survivors (1024K)
 Metaspace       used 115942K, committed 118016K, reserved 1179648K
  class space    used 16022K, committed 17024K, reserved 1048576K
}
Event: 64.232 GC heap after
{Heap after GC invocations=56 (full 0):
 garbage-first heap   total 245760K, used 145908K [0x0000000080000000, 0x0000000100000000)
  region size 1024K, 1 young (1024K), 1 survivors (1024K)
 Metaspace       used 115942K, committed 118016K, reserved 1179648K
  class space    used 16022K, committed 17024K, reserved 1048576K
}
Event: 71.493 GC heap before
{Heap before GC invocations=56 (full 0):
 garbage-first heap   total 245760K, used 232948K [0x0000000080000000, 0x0000000100000000)
  region size 1024K, 86 young (88064K), 1 survivors (1024K)
 Metaspace       used 115943K, committed 118016K, reserved 1179648K
  class space    used 16022K, committed 17024K, reserved 1048576K
}
Event: 71.497 GC heap after
{Heap after GC invocations=57 (full 0):
 garbage-first heap   total 245760K, used 145988K [0x0000000080000000, 0x0000000100000000)
  region size 1024K, 1 young (1024K), 1 survivors (1024K)
 Metaspace       used 115943K, committed 118016K, reserved 1179648K
  class space    used 16022K, committed 17024K, reserved 1048576K
}

